-----------------------------------------------------------
Server listening on 5050
-----------------------------------------------------------
Accepted connection from 10.0.0.2, port 34105
[  6] local 10.0.0.5 port 5050 connected to 10.0.0.2 port 5050
[ ID] Interval           Transfer     Bandwidth
[  6]   0.00-1.00   sec   996 KBytes  8.14 Mbits/sec                  
[  6]   1.00-2.00   sec  1.10 MBytes  9.23 Mbits/sec                  
[  6]   2.00-3.00   sec  1.13 MBytes  9.45 Mbits/sec                  
[  6]   3.00-4.00   sec  1.14 MBytes  9.55 Mbits/sec                  
[  6]   4.00-5.00   sec  1.13 MBytes  9.50 Mbits/sec                  
[  6]   5.00-6.00   sec  1.14 MBytes  9.56 Mbits/sec                  
[  6]   6.00-7.00   sec  1.11 MBytes  9.34 Mbits/sec                  
[  6]   7.00-8.00   sec  1.14 MBytes  9.55 Mbits/sec                  
[  6]   8.00-9.00   sec  1.14 MBytes  9.54 Mbits/sec                  
[  6]   9.00-10.00  sec  1.14 MBytes  9.53 Mbits/sec                  
[  6]  10.00-10.58  sec   672 KBytes  9.51 Mbits/sec                  
- - - - - - - - - - - - - - - - - - - - - - - - -
[ ID] Interval           Transfer     Bandwidth
[  6]   0.00-10.58  sec  0.00 Bytes  0.00 bits/sec                  sender
[  6]   0.00-10.58  sec  11.8 MBytes  9.35 Mbits/sec                  receiver
